<?xml version="1.0" encoding="UTF-8"?>
<testng-results skipped="0" failed="0" ignored="0" total="1" passed="1">
  <reporter-output>
  </reporter-output>
  <suite name="Default suite" duration-ms="58660" started-at="2019-06-27T06:42:33Z" finished-at="2019-06-27T06:43:32Z">
    <groups>
    </groups>
    <test name="Default test" duration-ms="58660" started-at="2019-06-27T06:42:33Z" finished-at="2019-06-27T06:43:32Z">
      <class name="Tests.CreateBUTest">
        <test-method status="PASS" signature="driver()[pri:0, instance:Tests.CreateBUTest@cb5822]" name="driver" is-config="true" duration-ms="43217" started-at="2019-06-27T06:42:33Z" finished-at="2019-06-27T06:43:16Z">
          <reporter-output>
          </reporter-output>
        </test-method> <!-- driver -->
        <test-method status="PASS" signature="Create_BU()[pri:0, instance:Tests.CreateBUTest@cb5822]" name="Create_BU" duration-ms="14404" started-at="2019-06-27T06:43:16Z" finished-at="2019-06-27T06:43:31Z">
          <reporter-output>
          </reporter-output>
        </test-method> <!-- Create_BU -->
        <test-method status="PASS" signature="CloseBrowser()[pri:0, instance:Tests.CreateBUTest@cb5822]" name="CloseBrowser" is-config="true" duration-ms="1000" started-at="2019-06-27T06:43:31Z" finished-at="2019-06-27T06:43:32Z">
          <reporter-output>
          </reporter-output>
        </test-method> <!-- CloseBrowser -->
      </class> <!-- Tests.CreateBUTest -->
    </test> <!-- Default test -->
  </suite> <!-- Default suite -->
</testng-results>
