<?xml version="1.0" encoding="UTF-8"?>
<testng-results skipped="0" failed="0" ignored="0" total="1" passed="1">
  <reporter-output>
  </reporter-output>
  <suite name="Default suite" duration-ms="60825" started-at="2019-07-09T06:53:24Z" finished-at="2019-07-09T06:54:25Z">
    <groups>
    </groups>
    <test name="Default test" duration-ms="60825" started-at="2019-07-09T06:53:24Z" finished-at="2019-07-09T06:54:25Z">
      <class name="Tests.UpdateUserRoleTest">
        <test-method status="PASS" signature="driver()[pri:0, instance:Tests.UpdateUserRoleTest@cb5822]" name="driver" is-config="true" duration-ms="48960" started-at="2019-07-09T06:53:24Z" finished-at="2019-07-09T06:54:13Z">
          <reporter-output>
          </reporter-output>
        </test-method> <!-- driver -->
        <test-method status="PASS" signature="Update_user()[pri:0, instance:Tests.UpdateUserRoleTest@cb5822]" name="Update_user" duration-ms="10865" started-at="2019-07-09T06:54:13Z" finished-at="2019-07-09T06:54:24Z">
          <reporter-output>
          </reporter-output>
        </test-method> <!-- Update_user -->
        <test-method status="PASS" signature="CloseBrowser()[pri:0, instance:Tests.UpdateUserRoleTest@cb5822]" name="CloseBrowser" is-config="true" duration-ms="957" started-at="2019-07-09T06:54:24Z" finished-at="2019-07-09T06:54:25Z">
          <reporter-output>
          </reporter-output>
        </test-method> <!-- CloseBrowser -->
      </class> <!-- Tests.UpdateUserRoleTest -->
    </test> <!-- Default test -->
  </suite> <!-- Default suite -->
</testng-results>
