<?xml version="1.0" encoding="UTF-8"?>
<testng-results skipped="0" failed="0" ignored="0" total="1" passed="1">
  <reporter-output>
  </reporter-output>
  <suite name="Default suite" duration-ms="46598" started-at="2019-07-01T09:13:19Z" finished-at="2019-07-01T09:14:06Z">
    <groups>
    </groups>
    <test name="Default test" duration-ms="46598" started-at="2019-07-01T09:13:19Z" finished-at="2019-07-01T09:14:06Z">
      <class name="Tests.ViewBUPageTest">
        <test-method status="PASS" signature="driver()[pri:0, instance:Tests.ViewBUPageTest@cb5822]" name="driver" is-config="true" duration-ms="37168" started-at="2019-07-01T09:13:19Z" finished-at="2019-07-01T09:13:56Z">
          <reporter-output>
          </reporter-output>
        </test-method> <!-- driver -->
        <test-method status="PASS" signature="searchBU()[pri:0, instance:Tests.ViewBUPageTest@cb5822]" name="searchBU" duration-ms="8398" started-at="2019-07-01T09:13:56Z" finished-at="2019-07-01T09:14:05Z">
          <reporter-output>
          </reporter-output>
        </test-method> <!-- searchBU -->
        <test-method status="PASS" signature="CloseBrowser()[pri:0, instance:Tests.ViewBUPageTest@cb5822]" name="CloseBrowser" is-config="true" duration-ms="993" started-at="2019-07-01T09:14:05Z" finished-at="2019-07-01T09:14:06Z">
          <reporter-output>
          </reporter-output>
        </test-method> <!-- CloseBrowser -->
      </class> <!-- Tests.ViewBUPageTest -->
    </test> <!-- Default test -->
  </suite> <!-- Default suite -->
</testng-results>
