<?xml version="1.0" encoding="UTF-8"?>
<testng-results skipped="0" failed="0" ignored="0" total="2" passed="2">
  <reporter-output>
  </reporter-output>
  <suite name="Default suite" duration-ms="26086" started-at="2019-06-26T09:38:41Z" finished-at="2019-06-26T09:39:07Z">
    <groups>
    </groups>
    <test name="Default test" duration-ms="26086" started-at="2019-06-26T09:38:41Z" finished-at="2019-06-26T09:39:07Z">
      <class name="Tests.LoginTests">
        <test-method status="PASS" signature="driver()[pri:0, instance:Tests.LoginTests@8bd1b6a]" name="driver" is-config="true" duration-ms="18633" started-at="2019-06-26T09:38:41Z" finished-at="2019-06-26T09:39:00Z">
          <reporter-output>
          </reporter-output>
        </test-method> <!-- driver -->
        <test-method status="PASS" signature="Login_Valid()[pri:0, instance:Tests.LoginTests@8bd1b6a]" name="Login_Valid" duration-ms="5630" started-at="2019-06-26T09:39:00Z" finished-at="2019-06-26T09:39:05Z">
          <reporter-output>
          </reporter-output>
        </test-method> <!-- Login_Valid -->
        <test-method status="PASS" signature="Forgot_Password()[pri:1, instance:Tests.LoginTests@8bd1b6a]" name="Forgot_Password" duration-ms="796" started-at="2019-06-26T09:39:05Z" finished-at="2019-06-26T09:39:06Z">
          <reporter-output>
          </reporter-output>
        </test-method> <!-- Forgot_Password -->
        <test-method status="PASS" signature="CloseBrowser()[pri:0, instance:Tests.LoginTests@8bd1b6a]" name="CloseBrowser" is-config="true" duration-ms="982" started-at="2019-06-26T09:39:06Z" finished-at="2019-06-26T09:39:07Z">
          <reporter-output>
          </reporter-output>
        </test-method> <!-- CloseBrowser -->
      </class> <!-- Tests.LoginTests -->
    </test> <!-- Default test -->
  </suite> <!-- Default suite -->
</testng-results>
